~/proj ~/proj
Package                  Version
------------------------ ------------
aiohttp                  3.8.3
aiosignal                1.3.1
async-timeout            4.0.2
attrs                    21.4.0
certifi                  2022.9.24
charset-normalizer       2.1.1
datasets                 2.7.1
dill                     0.3.6
distlib                  0.3.4
evaluate                 0.3.0
filelock                 3.6.0
frozenlist               1.3.3
fsspec                   2022.11.0
huggingface-hub          0.11.1
hypothesis               6.43.1
idna                     3.4
iniconfig                1.1.1
joblib                   1.2.0
multidict                6.0.2
multiprocess             0.70.14
numpy                    1.23.5
nvidia-cublas-cu11       11.10.3.66
nvidia-cuda-nvrtc-cu11   11.7.99
nvidia-cuda-runtime-cu11 11.7.99
nvidia-cudnn-cu11        8.5.0.96
packaging                21.3
pandas                   1.5.2
Pillow                   9.3.0
pip                      22.0.4
platformdirs             2.5.1
pluggy                   1.0.0
py                       1.11.0
pyarrow                  10.0.1
pyparsing                3.0.8
pytest                   7.1.1
python-dateutil          2.8.2
pytz                     2022.6
PyYAML                   6.0
regex                    2022.10.31
requests                 2.28.1
responses                0.18.0
scikit-learn             1.1.3
scipy                    1.9.3
setuptools               58.1.0
six                      1.16.0
sortedcontainers         2.4.0
threadpoolctl            3.1.0
tokenizers               0.13.2
tomli                    2.0.1
torch                    1.13.0+cu116
torchaudio               0.13.0+cu116
torchvision              0.14.0+cu116
tqdm                     4.64.1
transformers             4.24.0
typing_extensions        4.4.0
urllib3                  1.26.13
virtualenv               20.14.1
wheel                    0.38.4
xxhash                   3.1.0
yarl                     1.8.1
WARNING: You are using pip version 22.0.4; however, version 22.3.1 is available.
You should consider upgrading via the '/sw/pkgs/arc/python/3.9.12/bin/python3.9 -m pip install --upgrade pip' command.
/sw/pkgs/arc/python/3.9.12/bin/python3
Using custom data configuration epigone707--595Gao-e4d754449779404b
Found cached dataset parquet (/home/yanfuguo/.cache/huggingface/datasets/epigone707___parquet/epigone707--595Gao-e4d754449779404b/0.0.0/2a3b91fbd88a2c90d1dbbb32b460cf621d31bd5b05b934492fdef7d8d6f236ec)
  0%|          | 0/2 [00:00<?, ?it/s]100%|██████████| 2/2 [00:00<00:00, 472.57it/s]
Using custom data configuration epigone707--595Gao-e4d754449779404b
/home/yanfuguo/.local/lib/python3.9/site-packages/torch/functional.py:504: UserWarning: torch.meshgrid: in an upcoming release, it will be required to pass the indexing argument. (Triggered internally at ../aten/src/ATen/native/TensorShape.cpp:3190.)
  return _VF.meshgrid(tensors, **kwargs)  # type: ignore[attr-defined]
evaluate 595-finetuned-task-acc580/checkpoint-182 on dataset epigone707/595Gao
{'image': <PIL.JpegImagePlugin.JpegImageFile image mode=RGB size=348x434 at 0x15458CF365B0>, 'label': 1, 'pixel_values': tensor([[[1.7865, 1.7523, 1.7352,  ..., 1.2899, 1.2899, 1.2899],
         [1.8037, 1.7694, 1.7694,  ..., 1.2899, 1.2899, 1.2899],
         [1.7865, 1.7523, 1.7694,  ..., 1.2899, 1.2728, 1.2728],
         ...,
         [2.1633, 2.1633, 2.1633,  ..., 1.8722, 1.8379, 1.8208],
         [2.1633, 2.1633, 2.1633,  ..., 1.7694, 1.7352, 1.7180],
         [2.1633, 2.1633, 2.1633,  ..., 1.7352, 1.7865, 1.8379]],

        [[2.0784, 2.0609, 2.0609,  ..., 1.2206, 1.2206, 1.2206],
         [2.0784, 2.0784, 2.0784,  ..., 1.2206, 1.2206, 1.2206],
         [2.0609, 2.0434, 2.0609,  ..., 1.2206, 1.2031, 1.2031],
         ...,
         [2.3410, 2.3410, 2.3410,  ..., 2.0434, 2.0084, 1.9734],
         [2.3410, 2.3410, 2.3410,  ..., 1.9209, 1.9034, 1.8859],
         [2.3410, 2.3410, 2.3410,  ..., 1.7983, 1.8859, 1.9559]],

        [[2.2566, 2.2566, 2.2566,  ..., 1.2805, 1.2805, 1.2805],
         [2.2566, 2.2566, 2.2740,  ..., 1.2805, 1.2805, 1.2805],
         [2.2391, 2.2391, 2.2566,  ..., 1.2805, 1.2631, 1.2631],
         ...,
         [2.5529, 2.5529, 2.5529,  ..., 2.2914, 2.2566, 2.2217],
         [2.5529, 2.5529, 2.5529,  ..., 2.1868, 2.1520, 2.1346],
         [2.5529, 2.5529, 2.5529,  ..., 2.0823, 2.1694, 2.2391]]])}
[{'score': 0.9706255197525024, 'label': 'arrange+flowers'}, {'score': 0.00449901120737195, 'label': 'trim+tree'}, {'score': 0.002480330877006054, 'label': 'stain+shirt'}, {'score': 0.0020736148580908775, 'label': 'open+bottle'}, {'score': 0.0008410230511799455, 'label': 'tie+shoe'}]
{'arrange+chairs': 0, 'arrange+flowers': 1, 'bake+potato': 2, 'beat+eggs': 3, 'bend+knee': 4, 'bend+tree': 5, 'bind+hair': 6, 'bite+apple': 7, 'block+door': 8, 'block+window': 9, 'boil+egg': 10, 'boil+potato': 11, 'break+bowl': 12, 'break+cup': 13, 'break+door': 14, 'break+egg': 15, 'break+glass': 16, 'break+window': 17, 'burn+book': 18, 'burn+paper': 19, 'burn+tree': 20, 'burn+wood': 21, 'burst+balloon': 22, 'burst+door': 23, 'carry+bag': 24, 'carry+book': 25, 'carry+umbrella': 26, 'chop+carrot': 27, 'chop+meat': 28, 'chop+onion': 29, 'chop+tree': 30, 'chop+wood': 31, 'close+book': 32, 'close+cabinet': 33, 'close+door': 34, 'close+drawer': 35, 'close+window': 36, 'coil+rope': 37, 'cook+egg': 38, 'cook+meat': 39, 'cook+onion': 40, 'cook+potato': 41, 'crack+bottle': 42, 'crack+egg': 43, 'crack+glass': 44, 'crack+window': 45, 'crash+car': 46, 'crop+hair': 47, 'cut+apple': 48, 'cut+meat': 49, 'cut+onion': 50, 'cut+potato': 51, 'cut+tree': 52, 'cut+wood': 53, 'fasten+door': 54, 'fasten+window': 55, 'fold+paper': 56, 'fry+egg': 57, 'fry+meat': 58, 'fry+potato': 59, 'grate+carrot': 60, 'grate+potato': 61, 'grind+meat': 62, 'hang+bag': 63, 'hang+shirt': 64, 'ignite+paper': 65, 'ignite+wood': 66, 'insert+key': 67, 'kick+door': 68, 'kick+football': 69, 'knot+rope': 70, 'label+bottle': 71, 'label+box': 72, 'lock+cabinet': 73, 'lock+door': 74, 'lock+drawer': 75, 'lock+window': 76, 'mash+potato': 77, 'mix+eggs': 78, 'open+bottle': 79, 'open+box': 80, 'open+cabinet': 81, 'open+door': 82, 'open+drawer': 83, 'open+umbrella': 84, 'open+window': 85, 'park+car': 86, 'peel+apple': 87, 'peel+banana': 88, 'peel+carrot': 89, 'peel+orange': 90, 'peel+potato': 91, 'pile+books': 92, 'pile+boxes': 93, 'pile+wood': 94, 'pitch+baseball': 95, 'ride+bicycle': 96, 'rip+paper': 97, 'roll+paper': 98, 'roll+umbrella': 99, 'saw+tree': 100, 'saw+wood': 101, 'scratch+car': 102, 'scratch+knee': 103, 'shave+hair': 104, 'shut+door': 105, 'shut+window': 106, 'skin+knee': 107, 'slice+apple': 108, 'slice+meat': 109, 'slice+onion': 110, 'slice+potato': 111, 'smash+door': 112, 'smash+window': 113, 'soak+hair': 114, 'soak+shirt': 115, 'spill+coffee': 116, 'split+tree': 117, 'split+wood': 118, 'squeeze+bottle': 119, 'squeeze+orange': 120, 'stain+paper': 121, 'stain+shirt': 122, 'stir+coffee': 123, 'stir+soup': 124, 'strip+tree': 125, 'tear+book': 126, 'tear+paper': 127, 'tear+shirt': 128, 'throw+apple': 129, 'throw+baseball': 130, 'throw+football': 131, 'throw+frisbee': 132, 'tie+shoe': 133, 'trim+hair': 134, 'trim+tree': 135, 'twist+hair': 136, 'twist+rope': 137, 'wrap+book': 138, 'wrap+box': 139}
correct_answer: 85
sorted predictions:
[(0.11945824325084686, 85), (0.004526547621935606, 105), (0.00159332191105932, 74), (0.0027784882113337517, 45), (0.02318563126027584, 12), (0.0002460990217514336, 134), (0.07943744957447052, 106), (0.00178384012542665, 9), (0.0006200281786732376, 78), (0.0044987197034060955, 74), (0.002445921301841736, 107), (0.016818160191178322, 112), (0.0005781521322205663, 1), (0.002601668471470475, 55), (0.00015235871251206845, 84), (0.005704621784389019, 17), (0.006412200164049864, 81), (0.001727093942463398, 45), (7.597115472890437e-05, 64), (0.2229270190000534, 36), (0.002299318090081215, 47), (0.004457350820302963, 5), (0.0024412348866462708, 47), (0.00015664752572774887, 105), (0.005036689341068268, 33), (0.0009197509498335421, 72), (0.0018865534802898765, 114), (0.0015277228085324168, 11), (0.0012806674931198359, 72), (0.007528315298259258, 84), (0.0003823180159088224, 79), (0.0014904614072293043, 121), (0.0005416245548985898, 74), (0.0033854730427265167, 23), (0.002925994573161006, 81), (0.0008961297571659088, 71), (0.01700466312468052, 115), (0.0007934276363812387, 34)]
correct_answer: 79
sorted predictions:
[(0.6436750888824463, 79), (1.5942398022161797e-05, 136), (0.0025590418372303247, 43), (1.972756399482023e-05, 93), (0.009918862953782082, 38), (2.1358126105042174e-05, 1), (0.012855703942477703, 12), (0.00648861238732934, 131), (0.009553059935569763, 116), (0.000722220866009593, 15), (0.006335212849080563, 44), (0.0005670688697136939, 15), (0.0002378577773924917, 25), (0.0002613179385662079, 97), (0.08639886230230331, 12), (0.0015721002127975225, 7), (0.001531373243778944, 72), (0.0020736148580908775, 1), (0.017755139619112015, 0), (0.0015548940282315016, 1), (0.00019158101349603385, 75), (5.267281085252762e-05, 29), (0.005188487935811281, 105), (0.00032500503584742546, 127), (0.0002917092351708561, 15), (0.0007669032784178853, 24), (0.0051022679544985294, 7), (0.00028858191217295825, 60), (0.0015104366466403008, 63), (0.07187838107347488, 71), (0.0004985177656635642, 133)]
correct_answer: 15
sorted predictions:
[(0.2897995412349701, 15), (0.005696472711861134, 125), (0.02278304100036621, 50), (0.0002217974397353828, 27), (2.8740132620441727e-05, 27), (0.8322120308876038, 43), (0.012257955968379974, 131), (0.003561584511771798, 131), (0.0075323558412492275, 44), (0.0017633698880672455, 114), (0.005443878937512636, 1), (0.019297467544674873, 43), (0.0023745980579406023, 47), (0.0016107147093862295, 44), (0.6611708998680115, 15), (8.89058064785786e-05, 90), (0.006376373581588268, 7), (0.006922226399183273, 7), (0.004828016739338636, 129), (0.00015380689001176506, 2), (0.029173018410801888, 90), (0.00043812283547595143, 85), (0.9178584218025208, 15), (0.00016291724750772119, 29), (0.0009136933949775994, 78), (0.054807428270578384, 57), (0.0017540237167850137, 7), (0.2854600250720978, 43), (3.173421646351926e-05, 10), (0.00357250589877367, 6), (0.00019590446026995778, 108), (0.0005308464169502258, 130), (0.0008271670085377991, 1), (0.009506390430033207, 84), (0.0005631092935800552, 134), (0.00018333342450205237, 110), (0.00033385827555321157, 132), (0.00045323465019464493, 124)]
correct_answer: 23
sorted predictions:
[(0.05123782157897949, 23), (8.279595931526273e-05, 105), (0.0002807392447721213, 85), (0.01831609196960926, 115), (3.855215618386865e-05, 96), (0.000404297694331035, 1), (0.00027770307497121394, 101), (0.0019060176564380527, 81), (0.5711485743522644, 112), (0.003820504527539015, 74), (0.003064325312152505, 84), (0.00027770307497121394, 30), (0.0011121078860014677, 70), (0.033099789172410965, 113), (0.00019858435553032905, 57), (0.015199831686913967, 12), (0.003645581193268299, 45), (0.14915890991687775, 126), (0.0015468625351786613, 118), (0.0009941995376721025, 63), (0.0010105706751346588, 45), (0.001453159493394196, 74), (0.0006241554510779679, 95), (0.001090722857043147, 127), (0.0004492388397920877, 17), (0.00293178902938962, 37), (0.0018673939630389214, 85)]
correct_answer: 58
sorted predictions:
[(0.8049860000610352, 58), (0.0009228108683601022, 2), (0.041074980050325394, 62), (5.6372206017840654e-05, 48), (0.00021775782806798816, 29), (0.056939754635095596, 2), (0.02194182388484478, 11), (0.002209519501775503, 2), (0.0001554963964736089, 49), (0.00994282029569149, 57)]
correct_answer: 125
sorted predictions:
[(0.016779113560914993, 125), (0.00733315059915185, 14), (0.0007777953869663179, 101), (0.005301035474985838, 7), (0.28148990869522095, 125), (0.0009018764249049127, 81), (0.006819702684879303, 112), (0.02420632727444172, 30), (0.0038357011508196592, 30), (0.0005724975490011275, 1), (0.0017929082969203591, 5), (0.0008789084386080503, 20), (0.00038851823774166405, 50), (0.008466686122119427, 32), (0.05064292252063751, 23), (0.006360778585076332, 62), (4.509965219767764e-05, 102), (0.005919012241065502, 126), (0.007790881209075451, 18), (0.0013647184241563082, 114), (0.0002006126887863502, 58), (0.0035478309728205204, 118), (0.0007302167359739542, 95), (0.00024243892403319478, 134), (0.0013332499656826258, 113), (2.0462133761611767e-05, 60), (0.0018565915524959564, 103), (0.0004095238691661507, 103)]
correct_answer: 109
sorted predictions:
[(0.131699800491333, 109), (0.00017630263755563647, 110), (0.013922330923378468, 49), (0.0016854701098054647, 116), (0.002207638695836067, 80), (0.006499114446341991, 49), (0.00024989782832562923, 58), (0.0010361958993598819, 113), (0.004228474106639624, 107), (0.002235691761597991, 45), (0.016637461259961128, 49), (0.001101246103644371, 103), (3.503949847072363e-05, 92)]
correct_answer: 30
sorted predictions:
[(0.006978363264352083, 30), (0.00016241396951954812, 43), (0.006187231279909611, 115), (0.8561623096466064, 30), (0.01956997811794281, 20), (0.005596942268311977, 32), (0.00030240288469940424, 108), (0.007134237326681614, 132), (0.05001889914274216, 125), (0.3568952679634094, 30), (0.0023901904933154583, 118), (0.010752658359706402, 53), (0.0018475980032235384, 135), (0.8561623096466064, 101), (0.0076272087171673775, 44)]
correct_answer: 49
sorted predictions:
[(0.1641840785741806, 49), (0.00023098259407561272, 21), (1.6671361663611606e-05, 1), (0.06808464974164963, 115), (0.026945775374770164, 12), (0.00023576397506985813, 66), (0.00020072615006938577, 18), (0.0026622298173606396, 58), (0.0009342812118120492, 107), (0.9236716032028198, 49), (0.0020254356786608696, 57), (0.6575137972831726, 49), (0.0019957527983933687, 107), (0.0025569088757038116, 103), (0.17472869157791138, 109), (0.0004777864087373018, 57), (0.002309192903339863, 2), (0.7830372452735901, 109), (0.00036294895107857883, 74), (4.2207029764540493e-05, 136), (0.0024665312375873327, 112), (0.0009936800925061107, 45), (0.0011576545657590032, 124), (0.009286490269005299, 62), (0.0018949317745864391, 114), (0.012359890155494213, 103)]
correct_answer: 96
sorted predictions:
[(0.9982632994651794, 96), (0.0002114123199135065, 21), (4.582459223456681e-05, 102), (0.001338717876933515, 30), (0.000972733017988503, 4), (0.004924269393086433, 95), (0.00023770624829921871, 78), (0.002670448739081621, 44), (0.00013323957682587206, 20), (0.00042277027387171984, 66), (0.0018935899715870619, 53), (0.0028214387129992247, 18), (0.0028410612139850855, 9), (0.00012929202057421207, 18), (0.009208588860929012, 126), (2.113224400090985e-05, 60), (0.004186599049717188, 24), (0.003747075330466032, 23), (0.00633611436933279, 125), (0.002549143973737955, 131), (0.0014585700118914247, 86), (0.00838396418839693, 132), (0.001228216104209423, 33), (0.041404083371162415, 131), (0.0009216830367222428, 55), (0.00077325280290097, 117), (0.0019190976163372397, 74), (0.01909664459526539, 133), (0.0011672446271404624, 30), (0.03579888120293617, 14), (0.003013061126694083, 36), (0.001942928647622466, 67), (0.0029108948074281216, 22), (0.0024069719947874546, 9), (0.006204997189342976, 25)]
correct_answer: 0
sorted predictions:
[(0.11336059868335724, 0), (0.0007868592510931194, 36), (0.001806822489015758, 81), (0.0014192159287631512, 121), (0.7279796004295349, 0), (0.0003918602014891803, 106), (0.0006187200779095292, 127), (0.0013836410362273455, 4), (0.0025652656331658363, 103), (0.0009251568117178977, 56), (0.0008079466060735285, 83), (0.00019768753554672003, 2), (0.004440403077751398, 4), (9.313135524280369e-05, 64), (0.00011859057121910155, 84), (0.0007333154790103436, 85), (0.010572616942226887, 81), (0.010868688113987446, 84), (0.002496283734217286, 98), (0.0009642262593843043, 139), (0.0017577724065631628, 77), (0.00013907026732340455, 29), (0.926529586315155, 0), (0.0003664146934170276, 57), (0.008222280070185661, 105), (0.009539822116494179, 32), (0.003947247285395861, 33), (0.0006627318216487765, 56), (0.0007417057058773935, 1), (3.996192026534118e-05, 93), (0.0003152068820782006, 93), (0.001823962084017694, 36), (0.0010713109513744712, 74)]
correct_answer: 118
sorted predictions:
[(0.23631520569324493, 118), (0.0072256457060575485, 101), (0.0020607078913599253, 117), (0.00016762966697569937, 18), (0.0007831536931917071, 25), (0.0006230035214684904, 24), (0.004217787180095911, 30), (0.0033675876911729574, 101), (9.783667337615043e-06, 1), (0.0069756293669342995, 25), (2.151613443857059e-05, 93), (0.0018341722898185253, 9), (0.07080047577619553, 53), (0.0013127996353432536, 30), (0.0007345263147726655, 83), (0.0011314472649246454, 104), (0.0019954629242420197, 6), (0.0008352906443178654, 19), (0.0020110863260924816, 115), (9.413216321263462e-05, 125), (0.00011519102554302663, 66), (0.0025874467100948095, 37), (8.129946945700794e-05, 21), (0.00014218510477803648, 92)]
correct_answer: 129
sorted predictions:
[(0.680115818977356, 129), (3.0016497476026416e-05, 43), (0.00457147229462862, 136), (0.00269137741997838, 95), (0.01256201695650816, 4), (0.0007631902117282152, 25), (0.021960806101560593, 7), (0.006821439601480961, 43), (0.02195051498711109, 131), (0.0291412565857172, 6), (0.006678341422230005, 2), (0.0009438701090402901, 127), (0.0033571289386600256, 34), (0.000996143207885325, 30), (0.05385224148631096, 7), (4.907215043203905e-05, 96), (0.017904682084918022, 47), (0.006480391137301922, 91), (0.0087908199056983, 15), (0.010738199576735497, 115), (0.008526246063411236, 47), (0.0001955349143827334, 78), (0.0005742718349210918, 84), (0.018921852111816406, 130), (0.00786895677447319, 22), (0.009595190174877644, 115), (0.0013186876894906163, 49), (0.0006948733935132623, 43), (0.0007240398554131389, 135), (0.014993773773312569, 136), (0.0016047459794208407, 18), (0.0016236465889960527, 49), (0.00024129613302648067, 109), (0.0005855950876139104, 43), (0.03952996805310249, 131), (0.02393297292292118, 4), (0.03176526352763176, 103), (0.12877003848552704, 114), (0.0029770813416689634, 50), (0.0021581121254712343, 9), (0.0022675844375044107, 6), (0.1971825510263443, 115), (0.7440225481987, 107), (0.0006078011356294155, 88), (0.0010318148415535688, 57), (0.0013007860397920012, 121), (0.002045124303549528, 5), (0.0006003105081617832, 77), (0.0018934833351522684, 15), (0.0017236098647117615, 9), (0.10224427282810211, 7), (0.01983579434454441, 103), (0.026232361793518066, 84), (0.0008816994377411902, 64), (0.00022939445625524968, 97), (0.0013090602587908506, 83), (0.0005984417512081563, 15), (0.060408055782318115, 4)]
correct_answer: 132
sorted predictions:
[(0.2547616958618164, 132), (0.0003762737032957375, 133), (0.0006700726808048785, 134), (0.0030703325755894184, 47), (6.063181353965774e-05, 43), (0.008600003086030483, 50), (0.0011221806053072214, 78), (0.0003891427768394351, 131), (0.0009795743972063065, 51), (0.001563005498610437, 98), (0.0016418780433014035, 5), (0.04313984140753746, 131), (0.07122663408517838, 129), (0.028202122077345848, 114), (0.000987270032055676, 15), (0.0007553633768111467, 0), (0.0009818223770707846, 30), (0.0009988852543756366, 43), (0.001178649952635169, 30), (0.0016253581270575523, 19), (8.169395732693374e-05, 96), (0.005648165941238403, 63), (0.0004957161145284772, 96), (0.008504590019583702, 57), (0.00022313387307804078, 101), (7.700257265241817e-05, 96), (0.018017487600445747, 115), (0.003517184406518936, 131), (0.007229062262922525, 4), (0.0011284173233434558, 114), (0.0003427329065743834, 86), (0.0001128588555729948, 10), (0.004241402260959148, 22), (0.0022611399181187153, 107), (0.0031237772200256586, 104), (0.00047783806803636253, 60), (0.00022313387307804078, 30), (0.000814961560536176, 36), (0.015558458864688873, 7), (0.0028138146735727787, 15), (0.003673787694424391, 115), (0.0022050240077078342, 85), (0.06369303911924362, 4), (0.0041633727960288525, 91), (0.0005473184282891452, 43), (7.700257265241817e-05, 96), (0.0005373219028115273, 57)]
correct_answer: 136
sorted predictions:
[(0.32335737347602844, 136), (0.0011422754032537341, 7), (0.005362476222217083, 25), (0.009679166600108147, 104), (0.0028959934134036303, 115), (0.0009075818816199899, 127), (0.00025171361630782485, 81), (0.01035833265632391, 18), (0.006640189327299595, 133), (0.0007787765935063362, 81), (0.4174862504005432, 6), (0.014211193658411503, 115), (0.915377676486969, 136), (0.0010774076217785478, 134), (0.0017361495411023498, 133), (0.665952205657959, 6), (0.0010543916141614318, 47), (0.989617645740509, 136), (0.0005485843867063522, 24), (0.002415252849459648, 70), (8.964173321146518e-05, 64), (0.00014756593736819923, 125)]
correct_answer: 56
sorted predictions:
[(0.39775195717811584, 56), (0.00014436965284403414, 93), (0.0013119098730385303, 73), (0.3113310635089874, 56), (0.00014586890756618232, 92), (0.00280743814073503, 67), (0.0016202968545258045, 83), (0.017836840823292732, 25), (0.008133088238537312, 98), (0.0022882765624672174, 127), (0.022588932886719704, 97), (0.00018552936671767384, 93), (0.00474525848403573, 116), (0.003062680596485734, 133), (0.00682572927325964, 98), (0.010522173717617989, 80), (3.0069541026023217e-05, 93), (0.005335698369890451, 133), (0.023212678730487823, 32)]
correct_answer: 107
sorted predictions:
[(0.013446450233459473, 107), (0.001368313911370933, 121), (0.04293876886367798, 125), (1.2325174793659244e-05, 43), (0.0005201768362894654, 95), (0.0007972184102982283, 36), (0.0009417908149771392, 18), (0.003727651434019208, 95), (0.07418246567249298, 133), (0.011332408525049686, 115), (0.0022588467691093683, 49), (0.0007861127960495651, 4), (0.00782683677971363, 115), (0.0024912203662097454, 129), (0.00030258094193413854, 20), (0.0012086532078683376, 109), (0.0003519830643199384, 43), (0.0002185942867072299, 60), (0.002301439642906189, 134), (0.0012476450065150857, 136), (0.011281042359769344, 114), (0.29317188262939453, 103), (0.0005256597069092095, 15), (0.0003206309338565916, 109), (0.0005961361457593739, 24), (0.0014236763818189502, 72), (0.0035011961590498686, 6), (0.00336243724450469, 103), (0.0011275563156232238, 133), (0.005442185793071985, 105), (1.5458166672033258e-05, 136), (5.506642264663242e-05, 27), (0.002034097211435437, 30), (0.007372919004410505, 70)]
correct_answer: 112
sorted predictions:
[(0.20780423283576965, 112), (0.006862959358841181, 83), (0.017866894602775574, 112), (0.002465741941705346, 84), (0.0003842129372060299, 105), (0.00244681048206985, 74), (0.0462910532951355, 126), (0.005209161434322596, 9), (0.018509481102228165, 9), (0.003517064731568098, 33), (0.00031596090411767364, 81), (0.0037339741829782724, 44), (7.249620921356836e-06, 93), (0.0638134703040123, 115), (0.0015350173925980926, 129), (4.81731585750822e-05, 102), (0.00027022312860935926, 97), (0.05904078856110573, 55), (0.016446352005004883, 34), (0.0047554755583405495, 74), (0.01875331997871399, 36), (0.1304299384355545, 112), (0.011323916725814342, 12), (0.000705995480529964, 81), (0.00817214883863926, 18), (9.386538295075297e-06, 97), (0.009103024378418922, 14), (0.0002879738458432257, 49), (0.001423569512553513, 106), (0.0029195223469287157, 36), (0.008834326639771461, 85), (0.0016816968563944101, 72), (0.030250979587435722, 12), (0.0005104239680804312, 118)]
correct_answer: 23
sorted predictions:
[(0.7201617956161499, 23), (0.01831609196960926, 115), (0.5711485743522644, 112), (0.03998453915119171, 14), (0.00022043075296096504, 29), (9.36540964175947e-05, 85), (0.000404297694331035, 1), (0.00027770307497121394, 101), (0.00029862482915632427, 29), (0.003064325312152505, 84), (0.011899208649992943, 112), (8.279595931526273e-05, 105), (0.001453159493394196, 74), (0.0009941995376721025, 63), (0.05123782157897949, 23), (0.005606588441878557, 44), (0.003645581193268299, 45), (0.0004492388397920877, 17), (0.0002807392447721213, 85), (0.14915890991687775, 126), (0.00019858435553032905, 57), (0.0019060176564380527, 81)]
correct_answer: 27
sorted predictions:
[(0.9934906959533691, 27), (3.4596021578181535e-05, 102), (0.006987045519053936, 50), (0.000834643142297864, 0), (0.003596269991248846, 29), (0.0007394209387712181, 77), (0.003902127267792821, 43), (3.017750168510247e-05, 93), (0.0039704591035842896, 7), (2.7704367312253453e-05, 136), (0.000539339438546449, 15), (0.0015120228054001927, 129), (0.05115915834903717, 50), (0.9888529777526855, 27), (0.00033404905116185546, 132), (0.002104438142850995, 60), (0.9962953925132751, 27), (0.016024073585867882, 11), (0.0019398827571421862, 60), (0.0010330958757549524, 72), (0.0005883174599148333, 29), (0.0010550039587542415, 51), (0.0022467602975666523, 60), (0.00249635917134583, 109), (0.00025726703461259604, 43), (0.001230004825629294, 103), (0.0037635371554642916, 124), (0.0005983298178762197, 48), (0.0010497901821509004, 1), (0.002737068571150303, 50), (0.002910836134105921, 49), (0.00035809926339425147, 134), (0.0014498844975605607, 104), (0.003695652587339282, 0), (0.0020830624271184206, 74), (0.008717442862689495, 49), (0.024600401520729065, 43), (0.0008014040067791939, 90), (0.0008650594390928745, 63), (0.006868947762995958, 62), (0.0038263415917754173, 7), (0.009719997644424438, 2), (0.012434437870979309, 11)]
correct_answer: 129
sorted predictions:
[(0.680115818977356, 129), (0.00457147229462862, 136), (0.0016047459794208407, 18), (0.00413696700707078, 104), (0.006498302333056927, 6), (0.018921852111816406, 130), (0.0001115572449634783, 49), (0.00269137741997838, 95), (0.0007240398554131389, 135), (0.060408055782318115, 4), (0.0006003105081617832, 77), (0.0018934833351522684, 15), (0.0005855950876139104, 43), (0.000996143207885325, 30), (0.00563917076215148, 114), (0.0071574971079826355, 84), (0.0021581121254712343, 9), (2.36247869906947e-05, 96), (0.009595190174877644, 115), (0.0006444638129323721, 136), (0.012984340079128742, 12), (0.00016322634473908693, 109), (0.02195051498711109, 131), (0.021960806101560593, 7), (0.01983579434454441, 103), (0.006821439601480961, 43), (0.014171232469379902, 44), (0.017904682084918022, 47), (4.907215043203905e-05, 96), (0.00022939445625524968, 97), (0.008490920066833496, 132), (0.0013090602587908506, 83), (0.02393297292292118, 4), (0.006678341422230005, 2), (0.0007631902117282152, 25), (0.0001955349143827334, 78), (0.05440375208854675, 22), (0.0033571289386600256, 34), (0.0022675844375044107, 6), (0.010738199576735497, 115), (0.01256201695650816, 4), (0.008526246063411236, 47), (0.1971825510263443, 115), (0.0291412565857172, 6), (0.7440225481987, 107), (0.0015180574264377356, 103), (0.0016236465889960527, 49), (0.12877003848552704, 114), (0.00024129613302648067, 109), (9.255766781279817e-05, 79), (0.10224427282810211, 7), (0.0005984417512081563, 15), (0.0017236098647117615, 9), (0.03254637122154236, 7), (0.01922190561890602, 95), (0.0006078011356294155, 88), (0.03952996805310249, 131)]
correct_answer: 1
sorted predictions:
[(0.9706255197525024, 1), (0.00019106376566924155, 29), (0.0005445578717626631, 50), (0.9990044236183167, 1), (0.00010677672980818897, 79), (0.00318368012085557, 4), (0.004981319885700941, 50), (0.002091708593070507, 2), (0.00044206593884155154, 83), (0.9287340044975281, 1), (0.003734197001904249, 7), (0.00036918686237186193, 15), (0.00024681564536876976, 134), (0.001374690094962716, 117), (0.0009986800141632557, 4), (1.6807114661787637e-05, 96), (0.0013490089913830161, 6), (0.0011922979028895497, 129), (9.649644198361784e-05, 29), (0.00013247925380710512, 108), (3.967428347095847e-05, 93), (0.0008516671950928867, 56), (0.00012882893497589976, 15), (7.846782682463527e-05, 136), (0.0038666208274662495, 7), (0.02032049559056759, 43), (0.0007879699696786702, 50), (0.04316701367497444, 7), (0.0006281661335378885, 15), (0.030581440776586533, 44), (0.00012365890142973512, 66), (0.0007076432812027633, 136), (0.0028526282403618097, 6), (0.0008958664839155972, 66)]
correct_answer: 88
sorted predictions:
[(0.9635540246963501, 88), (0.021422311663627625, 62), (0.0001687003968982026, 90), (0.00017145450692623854, 34), (0.005742771551012993, 2), (0.0006121518672443926, 57), (0.0005873339832760394, 77), (0.000846180715598166, 19), (0.0011922214180231094, 11), (0.0021184103097766638, 11), (0.004428869113326073, 7), (0.003070235950872302, 15), (0.019277507439255714, 90), (4.393820199766196e-05, 60), (0.000345266074873507, 10), (0.00013399716408457607, 108), (8.66734771989286e-05, 84), (0.12714312970638275, 51), (0.0008663292392157018, 43), (0.0007405970245599747, 127), (0.005737594794481993, 43), (0.005488289054483175, 37), (0.0005900730611756444, 50), (0.0027313416358083487, 84), (0.00049528171075508, 57)]
correct_answer: 117
sorted predictions:
[(0.7923230528831482, 117), (0.0036000418476760387, 121), (0.006596652790904045, 14), (4.584754424286075e-05, 29), (0.002533223479986191, 2), (0.0002870313765015453, 110), (0.0010644857538864017, 81), (0.00693966168910265, 66), (0.004290943033993244, 101), (0.0006761859403923154, 95), (0.0013422651682049036, 36), (0.012906170450150967, 5), (0.001855757785961032, 112), (0.008001720532774925, 0), (3.50604641425889e-05, 48), (0.8639543652534485, 30), (8.795329631539062e-05, 85), (0.0001889401173684746, 58), (0.9457786083221436, 125), (0.0014788819244131446, 30), (0.001403556321747601, 112), (0.0005028473678976297, 81), (0.0006224381504580379, 6), (0.0002083341241814196, 34), (0.004178592935204506, 6), (0.002445745747536421, 23), (0.014397336170077324, 20), (0.0016950523713603616, 106), (0.008352848701179028, 125), (0.0014788819244131446, 101), (0.004683725535869598, 36)]
correct_answer: 45
sorted predictions:
[(0.024318501353263855, 45), (0.0019460528856143355, 44), (1.8686767361941747e-05, 96), (7.071696745697409e-05, 102), (0.16930171847343445, 45), (0.014521538279950619, 85), (0.00639497023075819, 74), (0.021623829379677773, 9), (0.0021618041209876537, 19), (1.1887148502864875e-05, 97), (0.014965766109526157, 9), (0.009004996158182621, 12), (0.000562424014788121, 78), (0.0029224404133856297, 106), (0.001045698532834649, 70), (0.005731010343879461, 36), (0.0018509617075324059, 85), (0.0016181741375476122, 85), (0.020613770931959152, 44), (0.011610222980380058, 55), (0.005025191698223352, 105), (0.05306636542081833, 112), (0.0021034067030996084, 74), (0.0036820461973547935, 34), (7.074602763168514e-05, 105), (0.0047678896225988865, 22), (0.003319514449685812, 112), (0.0059509011916816235, 14), (1.8686767361941747e-05, 96)]
correct_answer: 44
sorted predictions:
[(0.05780681222677231, 44), (0.037318240851163864, 126), (0.008782340213656425, 23), (0.0036529714707285166, 0), (0.0010943154338747263, 5), (0.0032750179525464773, 9), (0.09761282801628113, 115), (0.004725773353129625, 71), (0.08491085469722748, 12), (0.001911852159537375, 85), (0.001213955576531589, 114), (0.004284820985049009, 44), (0.0022126638796180487, 43), (0.0007174941711127758, 0), (0.0014024488627910614, 33), (0.000273173296591267, 1), (0.0012646489776670933, 53), (0.02195635437965393, 12), (0.0002915442455559969, 30), (0.006810964085161686, 22), (0.004245855379849672, 112), (0.00341595895588398, 17), (0.009520824998617172, 43), (0.0010183521080762148, 43), (0.0004998004296794534, 49), (0.0019435860449448228, 133), (0.004303031135350466, 22), (0.007193359080702066, 105), (0.0006216854671947658, 86), (2.3873177269706503e-05, 60), (0.0011070622131228447, 71), (0.001774296397343278, 45), (0.0002698910830076784, 85), (0.0009645224781706929, 72), (0.005972585640847683, 45), (0.0006552955019287765, 79)]
correct_answer: 2
sorted predictions:
[(0.002618122845888138, 2), (0.0002502091520000249, 49), (3.110839315922931e-05, 48), (0.009907253086566925, 58), (3.0386023354367353e-05, 92), (2.9345577786443755e-05, 27), (0.00017871137242764235, 78), (1.9571034499676898e-05, 96), (0.0004317353595979512, 20), (0.0014847792917862535, 98), (0.4174148738384247, 2), (0.017433365806937218, 38), (0.0022623417899012566, 80), (3.0655246519017965e-05, 27), (0.00015395342779811472, 21), (0.00031441266764886677, 109), (0.0017637887503951788, 124), (0.00012385200534481555, 96), (0.0008168515050783753, 56), (0.009669994004070759, 32), (0.002729743253439665, 7), (0.8949088454246521, 2), (1.9571034499676898e-05, 96), (0.0002028134185820818, 125), (0.0005135236424393952, 66), (0.007530461996793747, 7), (0.0007499199127778411, 117), (0.00652083707973361, 18), (0.0009378803079016507, 101), (0.29511553049087524, 57), (0.0018778546946123242, 18), (0.0001329943333985284, 90), (2.8889284294564277e-05, 60), (0.000619594706222415, 49)]
correct_answer: 85
sorted predictions:
[(0.8009763956069946, 85), (0.005704621784389019, 17), (0.002925994573161006, 81), (0.0020716076251119375, 129), (0.0021626732777804136, 112), (0.0008961297571659088, 71), (0.0033854730427265167, 23), (0.01700466312468052, 115), (0.0015277228085324168, 11), (0.002445921301841736, 107), (0.00015664752572774887, 105), (0.5284404158592224, 36), (0.0005416245548985898, 74), (0.0007934276363812387, 34), (0.003667944809421897, 112), (0.004526547621935606, 105), (0.0022072060965001583, 80), (0.0002460990217514336, 134), (0.01579706370830536, 23), (0.0012043464230373502, 43), (0.001235436531715095, 132), (0.00015235871251206845, 84), (0.001727093942463398, 45), (0.07943744957447052, 106), (0.11945824325084686, 85), (0.004457350820302963, 5), (0.002601668471470475, 55), (0.0018865534802898765, 114), (0.2229270190000534, 36), (0.0044987197034060955, 74), (0.00178384012542665, 9), (0.001689262455329299, 73), (0.0009197509498335421, 72), (7.597115472890437e-05, 64), (0.005036689341068268, 33), (0.006412200164049864, 81), (0.0030991078820079565, 36), (0.0005781521322205663, 1), (0.0024412348866462708, 47), (0.016818160191178322, 112), (0.0036333326715976, 44), (0.0012806674931198359, 72), (0.017959721386432648, 0), (0.07723138481378555, 113), (0.0017743164207786322, 81)]
correct_answer: 105
sorted predictions:
[(0.0012382749700918794, 74), (0.03587319329380989, 106), (0.06406821310520172, 112), (0.05520250275731087, 55), (0.001554784830659628, 23), (0.011834755539894104, 112), (0.0005748259136453271, 81), (7.848478708183393e-05, 49), (0.00010323475726181641, 2), (0.007372862659394741, 1), (0.0009466582559980452, 135), (0.052143488079309464, 85), (0.004653058014810085, 85), (0.0526450052857399, 36), (0.006416461430490017, 45), (0.10101050138473511, 74), (0.07461318373680115, 34), (0.04362355172634125, 73), (0.027803299948573112, 126), (0.002284020185470581, 81), (0.14585928618907928, 33), (0.0004621323605533689, 1), (0.00026964626158587635, 49), (0.0037141309585422277, 81), (0.00028213715995661914, 109)]
correct_answer: 29
sorted predictions:
[(0.6237980723381042, 29), (0.003207892645150423, 50), (2.065570697595831e-05, 60), (0.0014742237981408834, 110), (0.00017351754650007933, 108), (0.00015739139053039253, 58), (0.0006103472551330924, 77), (0.00027078919811174273, 45), (0.0012130577815696597, 57), (0.011968798004090786, 1), (0.00013763549213763326, 27), (0.00044355206773616374, 60), (0.7617244720458984, 29), (0.15343007445335388, 50), (8.731182606425136e-05, 60), (0.00011303054634481668, 10), (0.0005689472309313715, 43), (1.6375592167605646e-05, 1), (1.5326126231229864e-05, 27)]
correct_answer: 132
sorted predictions:
[(0.885374128818512, 132), (0.001563005498610437, 98), (0.0003891427768394351, 131), (0.0030703325755894184, 47), (0.0009795743972063065, 51), (6.063181353965774e-05, 43), (0.028202122077345848, 114), (0.0028817220591008663, 23), (0.007229062262922525, 4), (0.00022313387307804078, 30), (0.0016253581270575523, 19), (0.01232485007494688, 84), (0.00047783806803636253, 60), (0.008504590019583702, 57), (0.0028138146735727787, 15), (0.0011284173233434558, 114), (0.0004835833387915045, 50), (0.0022611399181187153, 107), (0.000980003853328526, 107), (0.056202903389930725, 95), (0.011167982593178749, 44), (0.04313984140753746, 131), (0.0007553633768111467, 0), (0.07122663408517838, 129), (0.0010837230365723372, 4), (0.015558458864688873, 7), (0.0009988852543756366, 43), (0.003517184406518936, 131), (0.0011221806053072214, 78), (0.0005473184282891452, 43), (0.001178649952635169, 30), (0.004241402260959148, 22), (0.0003762737032957375, 133), (0.018017487600445747, 115), (0.0030883122235536575, 112), (0.0041633727960288525, 91), (0.000987270032055676, 15), (0.2547616958618164, 132), (0.006433537229895592, 7), (0.0004957161145284772, 96), (0.0009818223770707846, 30), (0.00020768286776728928, 95), (8.169395732693374e-05, 96), (0.008603544905781746, 22), (0.0001128588555729948, 10), (7.966035627759993e-05, 27), (0.06369303911924362, 4)]
correct_answer: 70
sorted predictions:
[(0.2514607310295105, 70), (0.006613456644117832, 7), (1.326312940364005e-05, 1), (2.758140180958435e-05, 136), (0.004076182842254639, 103), (0.0006534351850859821, 74), (0.000372247101040557, 133), (0.005624465178698301, 36), (9.672156738815829e-05, 64), (0.0064617423340678215, 116), (0.021067989990115166, 84), (0.004977080971002579, 63), (0.0052773053757846355, 131), (0.0005372448940761387, 25), (0.0012530944077298045, 131), (0.0005053426721133292, 83), (0.0007588095613755286, 81), (0.0009690923616290092, 72), (0.005730364006012678, 6), (0.0011762873036786914, 1), (0.007565298583358526, 4), (0.003196480218321085, 6), (0.00022854129201732576, 1), (0.001464777858927846, 98), (0.0018127289367839694, 139), (0.010691600851714611, 0), (0.0005883796256966889, 130), (0.000898172496818006, 24), (3.768069655052386e-05, 92), (0.0013246680609881878, 136)]
correct_answer: 125
sorted predictions:
[(0.28148990869522095, 125), (0.0013647184241563082, 114), (0.0018104464979842305, 53), (0.0011701143812388182, 7), (0.0013332499656826258, 113), (4.509965219767764e-05, 102), (0.0004095238691661507, 103), (0.05064292252063751, 23), (0.0005724975490011275, 1), (0.007790881209075451, 18), (0.0035478309728205204, 118), (0.02420632727444172, 30), (0.0027976171113550663, 6), (0.00733315059915185, 14), (0.0002006126887863502, 58), (0.008466686122119427, 32), (0.0007777953869663179, 30), (0.0007302167359739542, 95), (0.00033444317523390055, 74), (0.016779113560914993, 125), (0.14451570808887482, 117), (0.00024243892403319478, 134)]
correct_answer: 117
sorted predictions:
[(0.7923230528831482, 117), (0.0014788819244131446, 30), (0.0010644857538864017, 81), (0.004178592935204506, 6), (0.0007418148452416062, 118), (0.0006224381504580379, 6), (0.0005028473678976297, 81), (0.012906170450150967, 5), (0.9457786083221436, 125), (0.0012280000373721123, 70), (0.0014788819244131446, 101), (0.004290943033993244, 101), (0.008352848701179028, 125), (0.0036000418476760387, 121), (0.0002083341241814196, 34), (0.002533223479986191, 2), (8.795329631539062e-05, 85), (0.00693966168910265, 66), (0.006596652790904045, 14), (0.001403556321747601, 112), (6.285631388891488e-05, 1), (0.0002870313765015453, 110), (0.0006761859403923154, 95), (0.008001720532774925, 0), (0.004683725535869598, 36), (0.002445745747536421, 23)]
correct_answer: 7
sorted predictions:
[(0.567226231098175, 7), (0.49387064576148987, 7), (0.0029800140764564276, 15), (7.66970551921986e-05, 21), (0.0022606179118156433, 103), (0.0006763937417417765, 83), (0.000132612869492732, 84), (0.00786622054874897, 25), (0.0002963542065117508, 95), (0.0016342976596206427, 114), (0.0008105465676635504, 136), (0.00014009808364789933, 64), (0.0017963772406801581, 63), (0.00041761453030630946, 130), (0.00046813010703772306, 49), (0.0002462179400026798, 1), (0.0003945355420000851, 135), (0.0023023078683763742, 88), (0.009415943175554276, 84), (3.367104000062682e-05, 1), (0.0013378498842939734, 57), (0.0010149463778361678, 6), (0.005825776606798172, 133), (0.035554707050323486, 91), (0.0015838808612897992, 107), (0.0030204704962670803, 0), (0.007086212281137705, 38), (0.00015537910803686827, 48), (3.785736043937504e-05, 136), (0.00034215961932204664, 75), (0.003439453197643161, 104), (0.0012247805716469884, 139), (0.0895979031920433, 7), (0.0019096179166808724, 98), (0.00020583148580044508, 43), (7.187743449321715e-06, 43), (0.0046921707689762115, 47), (0.0035590145271271467, 131), (0.0004540888185147196, 57), (0.0004134897899348289, 134), (0.006933934520930052, 136), (0.003374128369614482, 50), (0.0004838538297917694, 50), (0.0016595887718722224, 51), (0.014057718217372894, 129), (5.473279088619165e-05, 136), (0.0009764189017005265, 5), (0.00043691086466424167, 97)]
correct_answer: 109
sorted predictions:
[(0.42216774821281433, 109), (0.006499114446341991, 49), (0.00017630263755563647, 110), (0.013922330923378468, 49), (0.131699800491333, 109), (3.503949847072363e-05, 92), (0.0016854701098054647, 116), (0.00043113171705044806, 106), (0.0036414307542145252, 9), (0.004228474106639624, 107), (0.002235691761597991, 45), (0.002207638695836067, 80), (0.0010361958993598819, 113), (0.00010322334128431976, 2), (0.001101246103644371, 103), (0.016637461259961128, 49)]
correct_answer: 102
sorted predictions:
[(0.9935697317123413, 102), (0.0005945247830823064, 133), (0.0008473637280985713, 78), (0.0003048402722924948, 45), (0.0008958382532000542, 17), (0.0016808421351015568, 11), (0.0013580769300460815, 74), (0.0028448631055653095, 37), (0.0020321591291576624, 23), (4.255018211551942e-05, 60), (0.012595473788678646, 22), (2.9968767194077373e-05, 60), (0.0014594171661883593, 5), (0.00033997968421317637, 74), (0.0039069573394954205, 86), (0.0015070742228999734, 83), (0.0059035965241491795, 67)]
correct_answer: 25
sorted predictions:
[(0.946493923664093, 25), (0.011363862082362175, 18), (0.0009170694393105805, 73), (0.000671871064696461, 136), (0.0004479661874938756, 139), (0.0003774148353841156, 56), (0.12566079199314117, 25), (0.0007863466744311154, 81), (0.0024116765707731247, 98), (0.0036625938955694437, 104), (0.007245250511914492, 83), (0.01353930588811636, 47), (0.0006104769418016076, 124), (0.02796490490436554, 24), (0.0012596542946994305, 81), (0.001770098926499486, 71), (0.0021887896582484245, 95), (0.0014289405662566423, 56), (0.0024664970114827156, 116), (0.0014461023965850472, 72), (0.00204834365285933, 134), (0.008750748820602894, 43), (0.003899539355188608, 67), (0.0007496573962271214, 19), (0.003168943803757429, 36), (0.00362159451469779, 4), (0.031052136793732643, 133), (0.02759796753525734, 6), (8.252134284703061e-05, 136), (0.0023966964799910784, 72), (0.0002725656086113304, 75), (0.006045309826731682, 32), (0.008153481408953667, 115), (0.046404942870140076, 0), (0.0014134366065263748, 92)]
correct_answer: 103
sorted predictions:
[(0.6662546396255493, 103), (0.00876540970057249, 43), (0.00017464994743932039, 97), (1.5702569726272486e-05, 136), (0.0004037967592012137, 43), (0.0008771363645792007, 18), (0.0029408144764602184, 114), (0.0014762339415028691, 23), (0.0009907415369525552, 83), (2.3631513613509014e-05, 97), (0.0011460918467491865, 23), (0.0007514167809858918, 49), (0.0023689186200499535, 136), (1.1148463272547815e-05, 27), (0.0008659129962325096, 56), (0.00014535660739056766, 66), (0.00019024466746486723, 29), (0.00215256423689425, 134), (0.0008037573425099254, 114), (9.848314221017063e-05, 27), (0.0029915422201156616, 103), (0.03475503996014595, 103), (0.0036424046847969294, 104), (0.0005315679591149092, 49)]
correct_answer: 96
sorted predictions:
[(0.9982632994651794, 96), (0.004924269393086433, 95), (0.012104491703212261, 115), (0.0029108948074281216, 22), (0.0014585700118914247, 86), (0.0018935899715870619, 53), (0.03579888120293617, 14), (5.313077781465836e-05, 27), (0.0028410612139850855, 9), (0.0019190976163372397, 74), (0.009668322280049324, 12), (0.0029976300429552794, 103), (0.00023770624829921871, 78), (0.0002114123199135065, 21), (0.0075860475189983845, 105), (0.001228216104209423, 33), (0.99549400806427, 96), (0.011845514178276062, 34), (0.0027901155408471823, 115), (0.009208588860929012, 126), (0.002004095818847418, 72), (0.003013061126694083, 36), (4.582459223456681e-05, 102), (0.002670448739081621, 44), (0.001942928647622466, 67), (0.00042277027387171984, 66), (0.01909664459526539, 133), (2.113224400090985e-05, 60), (0.004742772318422794, 72), (0.00838396418839693, 132), (0.0008201311575248837, 74), (0.0004961153026670218, 17), (0.0009216830367222428, 55), (0.05736539885401726, 0), (0.001449621981009841, 121), (0.00077325280290097, 117), (0.0029528308659791946, 47)]
correct_answer: 43
sorted predictions:
[(0.03935898467898369, 43), (0.005773450713604689, 62), (0.005997238680720329, 7), (1.9791994418483227e-05, 1), (0.007323023863136768, 11), (0.002745589939877391, 129), (0.0011151834623888135, 43), (0.0012672294396907091, 114), (0.007624760270118713, 7), (0.0025441646575927734, 108), (0.0001349469239357859, 27), (0.010431898757815361, 1), (0.009773838333785534, 131), (0.12434719502925873, 90), (0.25666871666908264, 15), (0.9570507407188416, 43), (0.0011139612179249525, 57), (0.00043264508713036776, 103), (0.00015564482600893825, 58), (0.005906216334551573, 84), (0.005295420531183481, 19), (0.03373456373810768, 15), (1.768165202520322e-05, 60), (0.0006867142510600388, 18), (9.250249422620982e-05, 27), (0.0003700291272252798, 49), (0.046968553215265274, 57), (0.0030461305286735296, 131), (0.00792490690946579, 22), (0.0004829751851502806, 106), (0.012671138159930706, 7), (0.00046852516243234277, 81), (0.10945163667201996, 43), (0.03472789376974106, 43), (0.00011060761607950553, 90), (0.0018827284220606089, 44), (0.6216817498207092, 15)]
correct_answer: 58
sorted predictions:
[(0.8049860000610352, 58), (6.440702418331057e-05, 29), (0.00994282029569149, 57), (0.02016548626124859, 77), (0.041074980050325394, 62), (5.6372206017840654e-05, 48), (0.0007137421052902937, 49), (0.02194182388484478, 11), (0.0002469976316206157, 29), (0.00011364369856892154, 27), (0.0009228108683601022, 2)]
correct_answer: 64
sorted predictions:
[(0.6442456841468811, 64), (0.0052287462167441845, 132), (0.0003700261586345732, 139), (0.012222157791256905, 133), (0.01468189712613821, 126), (0.003265484469011426, 37), (0.0003320892574265599, 130), (0.0005151380901224911, 0), (3.8666941691190004e-05, 48), (0.0003563877544365823, 25), (0.0008115219534374774, 74), (0.0006755919312126935, 127), (0.0018943652976304293, 71), (0.001110224868170917, 70), (0.0023814134765416384, 23), (0.0019016104051843286, 2), (0.006457172799855471, 131), (0.00719057209789753, 84), (0.004345967434346676, 4), (0.007436560001224279, 97), (0.002005303744226694, 73), (0.0010367762297391891, 136), (0.0027723636012524366, 84), (0.0004440205229911953, 133), (0.0002431558823445812, 79), (0.0034000957384705544, 103), (0.0032887908164411783, 0)]
correct_answer: 15
sorted predictions:
[(0.6611708998680115, 15), (0.006376373581588268, 7), (0.9178584218025208, 15), (0.019297467544674873, 43), (0.02278304100036621, 50), (0.00019590446026995778, 108), (0.08939097076654434, 38), (0.00011438834189902991, 79), (0.00023036800848785788, 60), (0.003561584511771798, 131), (0.0009136933949775994, 78), (0.0017633698880672455, 114), (0.005696472711861134, 125), (0.00018333342450205237, 110), (0.2897995412349701, 15), (0.0037138182669878006, 88), (0.0027671270072460175, 7), (0.00045323465019464493, 124), (0.2854600250720978, 43), (0.0009376874659210443, 127), (0.029173018410801888, 90), (0.00016291724750772119, 29), (0.0005631092935800552, 134), (2.7158033844898455e-05, 27), (0.0009884608443826437, 71), (0.00015380689001176506, 2), (0.10554880648851395, 43), (2.8740132620441727e-05, 27), (0.027369854971766472, 12), (0.004885504022240639, 11), (0.0013485633535310626, 95), (0.0008271670085377991, 1), (3.173421646351926e-05, 10), (0.00033385827555321157, 132), (0.0005308464169502258, 130), (0.006922226399183273, 7), (0.003957862965762615, 51), (0.0011280066100880504, 104), (0.010372801683843136, 115), (0.004828016739338636, 129), (0.054807428270578384, 57)]
correct_answer: 112
sorted predictions:
[(0.20780423283576965, 112), (0.01619180105626583, 45), (7.249620921356836e-06, 93), (0.001423569512553513, 106), (0.016446352005004883, 34), (0.00024694300373084843, 34), (0.013220351189374924, 23), (0.002465741941705346, 84), (0.00244681048206985, 74), (0.0638134703040123, 115), (0.0029195223469287157, 36), (0.0016816968563944101, 72), (0.0006182647193782032, 103), (0.0010223975405097008, 75), (0.0005642357282340527, 135), (0.00803316943347454, 105), (0.05904078856110573, 55), (0.1304299384355545, 112), (4.81731585750822e-05, 102), (0.0010205584112554789, 85), (0.0007006243104115129, 117), (0.00019383021572139114, 127), (0.004953534342348576, 74), (0.09429296851158142, 113), (0.00817214883863926, 18), (1.6170430171769112e-05, 93), (0.018509481102228165, 9), (0.0005104239680804312, 118), (0.006727061700075865, 23), (0.012135600671172142, 67), (0.0020209162030369043, 36), (0.0047554755583405495, 74), (0.00031596090411767364, 81)]
correct_answer: 23
sorted predictions:
[(0.05123782157897949, 23), (0.00019858435553032905, 57), (0.00022043075296096504, 29), (0.011899208649992943, 112), (0.001090722857043147, 127), (0.00027770307497121394, 101), (0.015199831686913967, 12), (0.003820504527539015, 74), (0.011402436532080173, 112), (0.0006241554510779679, 95), (0.005606588441878557, 44), (0.0011121078860014677, 70), (0.001453159493394196, 74), (0.00029862482915632427, 29), (0.7201617956161499, 23), (0.14915890991687775, 126), (3.855215618386865e-05, 96), (0.0015189320547506213, 83), (0.000404297694331035, 1), (0.01831609196960926, 115), (0.0010105706751346588, 45), (0.0009941995376721025, 63), (0.003064325312152505, 84), (0.5711485743522644, 112), (9.36540964175947e-05, 85)]
correct_answer: 43
sorted predictions:
[(0.03935898467898369, 43), (0.0018827284220606089, 44), (0.009411091916263103, 91), (0.0643882304430008, 38), (0.0011151834623888135, 43), (0.005997238680720329, 7), (0.0011139612179249525, 57), (0.00792490690946579, 22), (0.0015124643687158823, 88), (0.005295420531183481, 19), (0.03472789376974106, 43), (0.00010946462862193584, 48), (0.0004829751851502806, 106), (0.005773450713604689, 62), (0.03072979487478733, 50), (0.012671138159930706, 7), (0.6216817498207092, 15), (0.00015564482600893825, 58), (0.046968553215265274, 57), (0.0030461305286735296, 131), (0.010431898757815361, 1), (1.768165202520322e-05, 60), (0.007323023863136768, 11), (0.0003700291272252798, 49), (0.0008372887969017029, 50), (0.0006867142510600388, 18), (0.00438225083053112, 127), (0.0009243797976523638, 1), (0.0004605028952937573, 50), (0.25666871666908264, 15), (0.000455537490779534, 132), (0.0015238317428156734, 104), (0.0001349469239357859, 27), (0.9570507407188416, 43), (0.009773838333785534, 131), (0.0025441646575927734, 108), (0.12434719502925873, 90), (0.007624760270118713, 7), (0.00013497353938873857, 29), (0.0009145209332928061, 71), (9.250249422620982e-05, 27), (0.0026441398076713085, 67), (0.005906216334551573, 84), (0.03373456373810768, 15), (0.00043264508713036776, 103), (0.00011060761607950553, 90), (0.00025036276201717556, 60)]
correct_answer: 90
sorted predictions:
[(0.9546583890914917, 90), (0.0033223323989659548, 7), (0.0028266722802072763, 2), (0.001658597611822188, 43), (4.5062144636176527e-05, 27), (0.00012464378960430622, 43), (0.004004372283816338, 50), (0.00038979240343905985, 131), (0.007184953428804874, 11), (0.0006738713709637523, 130), (5.252669507171959e-05, 60), (0.00146827707067132, 98), (1.8045229808194563e-05, 27), (0.0036125413607805967, 38), (0.004131986293941736, 7), (0.0033690775744616985, 7), (0.00022363149037119, 56), (0.0032803260255604982, 22), (0.00020063892588950694, 132), (0.00015083359903655946, 108), (0.0036446561571210623, 77)]
correct_answer: 103
sorted predictions:
[(0.6662546396255493, 103), (0.0025536681059747934, 107), (0.0009582321508787572, 72), (0.00012928585056215525, 136), (0.006914063356816769, 47), (1.5702569726272486e-05, 136), (0.00215256423689425, 134), (0.0014762339415028691, 23), (0.0009907415369525552, 83), (0.0036424046847969294, 104), (0.0023689186200499535, 136), (0.00019024466746486723, 29), (0.0008771363645792007, 18), (0.0002948602777905762, 18), (0.0014454335905611515, 121), (1.1148463272547815e-05, 27), (0.0005031685577705503, 81), (0.00014535660739056766, 66), (2.3631513613509014e-05, 97), (0.0012571696424856782, 109), (0.0008158734999597073, 30), (0.00017464994743932039, 97), (0.007502783555537462, 6), (0.0005315679591149092, 49), (0.009582418017089367, 18), (9.848314221017063e-05, 27), (0.0008037573425099254, 114), (0.0029408144764602184, 114), (0.03475503996014595, 103), (0.0004037967592012137, 43), (0.00876540970057249, 43), (5.913906716159545e-05, 48)]
correct_answer: 81
sorted predictions:
[(0.114191435277462, 81), (0.001638237969018519, 113), (0.0052968221716582775, 85), (0.0045968820340931416, 71), (0.028129298239946365, 83), (0.000296556216198951, 139), (0.0006939985323697329, 77), (0.09195428341627121, 81), (0.0031040585599839687, 34), (9.564107131154742e-06, 93), (0.0012328894808888435, 23), (0.0009203461813740432, 45), (0.004237876273691654, 84), (0.010880455374717712, 1), (0.005042228847742081, 75), (0.0025033229030668736, 112), (0.005901639349758625, 85), (0.030800415202975273, 33), (0.006991825066506863, 112), (0.10304597020149231, 81), (0.0025336584076285362, 36), (0.008329776115715504, 112), (7.84561998443678e-05, 105), (0.00018553771951701492, 85), (0.0008944089058786631, 55), (0.002432603621855378, 36)]
top_1_accuracy: 0.98
top_5_accuracy: 0.98
top_20_accuracy: 0.98
